<?xml version="1.0" encoding="UTF-8"?>
<testng-results ignored="0" total="1" passed="1" failed="0" skipped="0">
  <reporter-output>
  </reporter-output>
  <suite started-at="2021-11-02T06:25:11Z" name="demoCRM-Admin Applicationtest Suite" finished-at="2021-11-02T06:25:31Z" duration-ms="19999">
    <groups>
    </groups>
    <test started-at="2021-11-02T06:25:11Z" name="Free admin demo Cases" finished-at="2021-11-02T06:25:31Z" duration-ms="19999">
      <class name="com.adminnc.qa.tests.NCLoginTest">
        <test-method is-config="true" signature="Setup()[pri:0, instance:com.adminnc.qa.tests.NCLoginTest@376b4233]" started-at="2021-11-02T06:25:11Z" name="Setup" finished-at="2021-11-02T06:25:20Z" duration-ms="8401" status="PASS">
          <reporter-output>
          </reporter-output>
        </test-method> <!-- Setup -->
        <test-method signature="doLoginTest()[pri:0, instance:com.adminnc.qa.tests.NCLoginTest@376b4233]" started-at="2021-11-02T06:25:20Z" name="doLoginTest" finished-at="2021-11-02T06:25:30Z" duration-ms="10771" status="PASS">
          <reporter-output>
          </reporter-output>
        </test-method> <!-- doLoginTest -->
        <test-method is-config="true" signature="TearDown()[pri:0, instance:com.adminnc.qa.tests.NCLoginTest@376b4233]" started-at="2021-11-02T06:25:30Z" name="TearDown" finished-at="2021-11-02T06:25:31Z" duration-ms="788" status="PASS">
          <reporter-output>
          </reporter-output>
        </test-method> <!-- TearDown -->
      </class> <!-- com.adminnc.qa.tests.NCLoginTest -->
    </test> <!-- Free admin demo Cases -->
  </suite> <!-- demoCRM-Admin Applicationtest Suite -->
</testng-results>
