<?xml version="1.0" encoding="UTF-8"?>
<testng-results skipped="0" failed="0" ignored="0" total="1" passed="1">
  <reporter-output>
  </reporter-output>
  <suite name="demoCRM-Admin Applicationtest Suite" duration-ms="28191" started-at="2021-11-02T05:55:35Z" finished-at="2021-11-02T05:56:03Z">
    <groups>
    </groups>
    <test name="Free admin demo Cases" duration-ms="28191" started-at="2021-11-02T05:55:35Z" finished-at="2021-11-02T05:56:03Z">
      <class name="com.adminnc.qa.tests.NCLoginTest">
        <test-method status="PASS" signature="Setup()[pri:0, instance:com.adminnc.qa.tests.NCLoginTest@2ba5aa7a]" name="Setup" is-config="true" duration-ms="15882" started-at="2021-11-02T05:55:35Z" finished-at="2021-11-02T05:55:50Z">
          <reporter-output>
          </reporter-output>
        </test-method> <!-- Setup -->
        <test-method status="PASS" signature="doLoginTest()[pri:0, instance:com.adminnc.qa.tests.NCLoginTest@2ba5aa7a]" name="doLoginTest" duration-ms="11561" started-at="2021-11-02T05:55:50Z" finished-at="2021-11-02T05:56:02Z">
          <reporter-output>
          </reporter-output>
        </test-method> <!-- doLoginTest -->
        <test-method status="PASS" signature="TearDown()[pri:0, instance:com.adminnc.qa.tests.NCLoginTest@2ba5aa7a]" name="TearDown" is-config="true" duration-ms="708" started-at="2021-11-02T05:56:02Z" finished-at="2021-11-02T05:56:03Z">
          <reporter-output>
          </reporter-output>
        </test-method> <!-- TearDown -->
      </class> <!-- com.adminnc.qa.tests.NCLoginTest -->
    </test> <!-- Free admin demo Cases -->
  </suite> <!-- demoCRM-Admin Applicationtest Suite -->
</testng-results>
